error: must specify the desired selector using `#[method(...)]` or `#[method_id(...)]`
 --> ui/declare_class_invalid_syntax.rs
  |
  | / declare_class!(
  | |     struct InvalidMethodDeclarations;
  | |
  | |     unsafe impl ClassType for InvalidMethodDeclarations {
... |
  | |     }
  | | );
  | |_^
  |
  = note: this error originates in the macro `$crate::__extract_custom_attributes_inner` which comes from the expansion of the macro `declare_class` (in Nightly builds, run with -Z macro-backtrace for more info)

error: cannot specify the `method`/`method_id` attribute twice
 --> ui/declare_class_invalid_syntax.rs
  |
  | / declare_class!(
  | |     struct InvalidMethodDeclarations;
  | |
  | |     unsafe impl ClassType for InvalidMethodDeclarations {
... |
  | |     }
  | | );
  | |_^
  |
  = note: this error originates in the macro `$crate::__extract_custom_attributes_inner` which comes from the expansion of the macro `declare_class` (in Nightly builds, run with -Z macro-backtrace for more info)

error: cannot specify the `method`/`method_id` attribute twice
 --> ui/declare_class_invalid_syntax.rs
  |
  | / declare_class!(
  | |     struct InvalidMethodDeclarations;
  | |
  | |     unsafe impl ClassType for InvalidMethodDeclarations {
... |
  | |     }
  | | );
  | |_^
  |
  = note: this error originates in the macro `$crate::__extract_custom_attributes_inner` which comes from the expansion of the macro `declare_class` (in Nightly builds, run with -Z macro-backtrace for more info)

error: expected expression, found `}`
 --> ui/declare_class_invalid_syntax.rs
  |
  |         }
  |         ^ expected expression

error: no rules expected `(`
 --> ui/declare_class_invalid_syntax.rs
  |
  |         fn test_pattern((a, b): (u32, i32)) {
  |                         ^ no rules expected this token in macro call
  |
  = note: while trying to match sequence start

error: unexpected end of macro invocation
 --> ui/declare_class_invalid_syntax.rs
  |
  |         fn test_self(self) {
  |                          ^ missing tokens in macro arguments
  |
note: while trying to match `:`
 --> $WORKSPACE/crates/objc2/src/macros/declare_class.rs
  |
  |         $param:ident : $param_ty:ty $(, $($rest:tt)*)?
  |                      ^

error: no rules expected `(`
 --> ui/declare_class_invalid_syntax.rs
  |
  | / declare_class!(
  | |     struct InvalidMethodDeclarations;
  | |
  | |     unsafe impl ClassType for InvalidMethodDeclarations {
... |
  | |     }
  | | );
  | |_^ no rules expected this token in macro call
  |
  = note: while trying to match end of macro
  = note: this error originates in the macro `$crate::__declare_class_register_methods` which comes from the expansion of the macro `declare_class` (in Nightly builds, run with -Z macro-backtrace for more info)

error: no rules expected `(`
 --> ui/declare_class_invalid_syntax.rs
  |
  | / declare_class!(
  | |     struct InvalidMethodDeclarations;
  | |
  | |     unsafe impl ClassType for InvalidMethodDeclarations {
... |
  | |     }
  | | );
  | |_^ no rules expected this token in macro call
  |
  = note: while trying to match end of macro
  = note: this error originates in the macro `$crate::__declare_class_register_methods` which comes from the expansion of the macro `declare_class` (in Nightly builds, run with -Z macro-backtrace for more info)

error: expected identifier, found keyword `fn`
 --> ui/declare_class_invalid_syntax.rs
  |
  |         fn fn test_fn_fn() {}
  |            ^^ expected identifier, found keyword

error: missing parameters for function definition
  --> ui/declare_class_invalid_syntax.rs
   |
   |         fn fn test_fn_fn() {}
   |              ^
   |
help: add a parameter list
   |
71 |         fn fn() test_fn_fn() {}
   |              ++

error: expected one of `->`, `<`, `where`, or `{`, found `test_fn_fn`
 --> ui/declare_class_invalid_syntax.rs
  |
  |         fn fn test_fn_fn() {}
  |               ^^^^^^^^^^ expected one of `->`, `<`, `where`, or `{`
  |
 ::: $WORKSPACE/crates/objc2/src/macros/declare_class.rs
  |
  |         $_associated_item:item
  |         ---------------------- while parsing argument for this `item` macro fragment

error: expected one of `->`, `where`, or `{`, found `<eof>`
 --> ui/declare_class_invalid_syntax.rs
  |
  |         fn test_unfinished()
  |                            ^ expected one of `->`, `where`, or `{`
  |
 ::: $WORKSPACE/crates/objc2/src/macros/declare_class.rs
  |
  |         $_associated_item:item
  |         ---------------------- while parsing argument for this `item` macro fragment

error: `#[method_id(alloc)]` is not supported. Use `#[method(alloc)]` and do the memory management yourself
 --> ui/declare_class_invalid_syntax.rs
  |
  | / declare_class!(
  | |     struct InvalidMethodDeclarations;
  | |
  | |     unsafe impl ClassType for InvalidMethodDeclarations {
... |
  | |     }
  | | );
  | |_^
  |
  = note: this error originates in the macro `$crate::__declare_class_invalid_selectors` which comes from the expansion of the macro `declare_class` (in Nightly builds, run with -Z macro-backtrace for more info)

error: `#[method_id(retain)]` is not supported. Use `#[method(retain)]` and do the memory management yourself
 --> ui/declare_class_invalid_syntax.rs
  |
  | / declare_class!(
  | |     struct InvalidMethodDeclarations;
  | |
  | |     unsafe impl ClassType for InvalidMethodDeclarations {
... |
  | |     }
  | | );
  | |_^
  |
  = note: this error originates in the macro `$crate::__declare_class_invalid_selectors` which comes from the expansion of the macro `declare_class` (in Nightly builds, run with -Z macro-backtrace for more info)

error: `#[method_id(release)]` is not supported. Use `#[method(release)]` and do the memory management yourself
 --> ui/declare_class_invalid_syntax.rs
  |
  | / declare_class!(
  | |     struct InvalidMethodDeclarations;
  | |
  | |     unsafe impl ClassType for InvalidMethodDeclarations {
... |
  | |     }
  | | );
  | |_^
  |
  = note: this error originates in the macro `$crate::__declare_class_invalid_selectors` which comes from the expansion of the macro `declare_class` (in Nightly builds, run with -Z macro-backtrace for more info)

error: `#[method_id(autorelease)]` is not supported. Use `#[method(autorelease)]` and do the memory management yourself
 --> ui/declare_class_invalid_syntax.rs
  |
  | / declare_class!(
  | |     struct InvalidMethodDeclarations;
  | |
  | |     unsafe impl ClassType for InvalidMethodDeclarations {
... |
  | |     }
  | | );
  | |_^
  |
  = note: this error originates in the macro `$crate::__declare_class_invalid_selectors` which comes from the expansion of the macro `declare_class` (in Nightly builds, run with -Z macro-backtrace for more info)

error: `#[method_id(dealloc)]` is not supported. Implement `Drop` for the type instead
 --> ui/declare_class_invalid_syntax.rs
  |
  | / declare_class!(
  | |     struct InvalidMethodDeclarations;
  | |
  | |     unsafe impl ClassType for InvalidMethodDeclarations {
... |
  | |     }
  | | );
  | |_^
  |
  = note: this error originates in the macro `$crate::__declare_class_invalid_selectors` which comes from the expansion of the macro `declare_class` (in Nightly builds, run with -Z macro-backtrace for more info)

error: `#[method(dealloc)]` is not supported. Implement `Drop` for the type instead
 --> ui/declare_class_invalid_syntax.rs
  |
  | / declare_class!(
  | |     struct InvalidMethodDeclarations;
  | |
  | |     unsafe impl ClassType for InvalidMethodDeclarations {
... |
  | |     }
  | | );
  | |_^
  |
  = note: this error originates in the macro `$crate::__declare_class_invalid_selectors` which comes from the expansion of the macro `declare_class` (in Nightly builds, run with -Z macro-backtrace for more info)

error: an inner attribute is not permitted in this context
 --> ui/declare_class_invalid_syntax.rs
  |
  |         #![doc = "inner_attribute"]
  |         ^^^^^^^^^^^^^^^^^^^^^^^^^^^
  |
  = note: inner attributes, like `#![no_std]`, annotate the item enclosing them, and are usually found at the beginning of source files
  = note: outer attributes, like `#[test]`, annotate the item following them

error: expected an item keyword
 --> ui/declare_class_invalid_syntax.rs
  |
  |         #![doc = "inner_attribute"]
  |                                   ^
  |
 ::: $WORKSPACE/crates/objc2/src/macros/declare_class.rs
  |
  |         $_associated_item:item
  |         ---------------------- while parsing argument for this `item` macro fragment

error: must specify the desired selector using `#[method(...)]` or `#[method_id(...)]`
 --> ui/declare_class_invalid_syntax.rs
  |
  | / declare_class!(
  | |     struct InvalidMethodDeclarations;
  | |
  | |     unsafe impl ClassType for InvalidMethodDeclarations {
... |
  | |     }
  | | );
  | |_^
  |
  = note: this error originates in the macro `$crate::__extract_custom_attributes_inner` which comes from the expansion of the macro `declare_class` (in Nightly builds, run with -Z macro-backtrace for more info)

error: cannot specify the `method`/`method_id` attribute twice
 --> ui/declare_class_invalid_syntax.rs
  |
  | / declare_class!(
  | |     struct InvalidMethodDeclarations;
  | |
  | |     unsafe impl ClassType for InvalidMethodDeclarations {
... |
  | |     }
  | | );
  | |_^
  |
  = note: this error originates in the macro `$crate::__extract_custom_attributes_inner` which comes from the expansion of the macro `declare_class` (in Nightly builds, run with -Z macro-backtrace for more info)

error: cannot specify the `method`/`method_id` attribute twice
 --> ui/declare_class_invalid_syntax.rs
  |
  | / declare_class!(
  | |     struct InvalidMethodDeclarations;
  | |
  | |     unsafe impl ClassType for InvalidMethodDeclarations {
... |
  | |     }
  | | );
  | |_^
  |
  = note: this error originates in the macro `$crate::__extract_custom_attributes_inner` which comes from the expansion of the macro `declare_class` (in Nightly builds, run with -Z macro-backtrace for more info)

error: `#[method_id(...)]` must have a return type
 --> ui/declare_class_invalid_syntax.rs
  |
  | / declare_class!(
  | |     struct InvalidMethodDeclarations;
  | |
  | |     unsafe impl ClassType for InvalidMethodDeclarations {
... |
  | |     }
  | | );
  | |_^
  |
  = note: this error originates in the macro `$crate::__declare_class_method_out_inner` which comes from the expansion of the macro `declare_class` (in Nightly builds, run with -Z macro-backtrace for more info)

error: no rules expected `(`
 --> ui/declare_class_invalid_syntax.rs
  |
  |         fn test_pattern((a, b): (u32, i32)) {
  |                         ^ no rules expected this token in macro call
  |
note: while trying to match reserved identifier `_`
 --> $WORKSPACE/crates/objc2/src/macros/declare_class.rs
  |
  |         (_ : $param_ty:ty $(, $($params_rest:tt)*)?)
  |          ^

error: no rules expected `)`
 --> ui/declare_class_invalid_syntax.rs
  |
  | / declare_class!(
  | |     struct InvalidMethodDeclarations;
  | |
  | |     unsafe impl ClassType for InvalidMethodDeclarations {
... |
  | |     }
  | | );
  | |_^ no rules expected this token in macro call
  |
note: while trying to match `:`
 --> $WORKSPACE/crates/objc2/src/macros/declare_class.rs
  |
  |         ($param:ident : $param_ty:ty $(, $($params_rest:tt)*)?)
  |                       ^
  = note: this error originates in the macro `$crate::__declare_class_method_out` which comes from the expansion of the macro `declare_class` (in Nightly builds, run with -Z macro-backtrace for more info)

error: no rules expected keyword `pub`
 --> ui/declare_class_invalid_syntax.rs
  |
  |         pub fn test_pub() {}
  |         ^^^ no rules expected this token in macro call
  |
note: while trying to match keyword `unsafe`
 --> $WORKSPACE/crates/objc2/src/macros/declare_class.rs
  |
  |         unsafe fn $name:ident($($params:tt)*) $(-> $ret:ty)? $body:block
  |         ^^^^^^

error: no rules expected keyword `const`
 --> ui/declare_class_invalid_syntax.rs
  |
  |         const fn test_const() {}
  |         ^^^^^ no rules expected this token in macro call
  |
note: while trying to match keyword `unsafe`
 --> $WORKSPACE/crates/objc2/src/macros/declare_class.rs
  |
  |         unsafe fn $name:ident($($params:tt)*) $(-> $ret:ty)? $body:block
  |         ^^^^^^

error: no rules expected keyword `async`
 --> ui/declare_class_invalid_syntax.rs
  |
  |         async fn test_async() {}
  |         ^^^^^ no rules expected this token in macro call
  |
note: while trying to match keyword `unsafe`
 --> $WORKSPACE/crates/objc2/src/macros/declare_class.rs
  |
  |         unsafe fn $name:ident($($params:tt)*) $(-> $ret:ty)? $body:block
  |         ^^^^^^

error: no rules expected keyword `extern`
 --> ui/declare_class_invalid_syntax.rs
  |
  |         extern "C" fn test_extern() {}
  |         ^^^^^^ no rules expected this token in macro call
  |
note: while trying to match keyword `unsafe`
 --> $WORKSPACE/crates/objc2/src/macros/declare_class.rs
  |
  |         unsafe fn $name:ident($($params:tt)*) $(-> $ret:ty)? $body:block
  |         ^^^^^^

error: no rules expected `test_fn_fn`
 --> ui/declare_class_invalid_syntax.rs
  |
  |         fn fn test_fn_fn() {}
  |               ^^^^^^^^^^ no rules expected this token in macro call
  |
note: while trying to match `(`
 --> $WORKSPACE/crates/objc2/src/macros/declare_class.rs
  |
  |         fn $name:ident($($params:tt)*) $(-> $ret:ty)? $body:block
  |                       ^

error: no rules expected `<`
 --> ui/declare_class_invalid_syntax.rs
  |
  |         fn test_generic<T>() {}
  |                        ^ no rules expected this token in macro call
  |
note: while trying to match `(`
 --> $WORKSPACE/crates/objc2/src/macros/declare_class.rs
  |
  |         fn $name:ident($($params:tt)*) $(-> $ret:ty)? $body:block
  |                       ^

error: no rules expected `;`
 --> ui/declare_class_invalid_syntax.rs
  |
  |         fn test_no_body(&self);
  |                               ^ no rules expected this token in macro call
  |
note: while trying to match meta-variable `$body:block`
 --> $WORKSPACE/crates/objc2/src/macros/declare_class.rs
  |
  |         fn $name:ident($($params:tt)*) $(-> $ret:ty)? $body:block
  |                                                       ^^^^^^^^^^^

error: unexpected end of macro invocation
 --> ui/declare_class_invalid_syntax.rs
  |
  |         fn test_unfinished()
  |                             ^ missing tokens in macro arguments
  |
note: while trying to match meta-variable `$body:block`
 --> $WORKSPACE/crates/objc2/src/macros/declare_class.rs
  |
  |         fn $name:ident($($params:tt)*) $(-> $ret:ty)? $body:block
  |                                                       ^^^^^^^^^^^

error: no rules expected `!`
 --> ui/declare_class_invalid_syntax.rs
  |
  |         #![doc = "inner_attribute"]
  |          ^ no rules expected this token in macro call
  |
note: while trying to match `[`
 --> $WORKSPACE/crates/objc2/src/macros/declare_class.rs
  |
  |         $(#[$($m:tt)*])*
  |            ^

error: no rules expected keyword `type`
 --> ui/declare_class_invalid_syntax.rs
  |
  |         type TypeAlias = Self;
  |         ^^^^ no rules expected this token in macro call
  |
  = note: while trying to match end of macro

error: no rules expected keyword `const`
 --> ui/declare_class_invalid_syntax.rs
  |
  |         const CONSTANT: () = ();
  |         ^^^^^ no rules expected this token in macro call
  |
  = note: while trying to match end of macro

error: no rules expected `}`
 --> ui/declare_class_invalid_syntax.rs
  |
  |     }
  |     ^ no rules expected this token in macro call
  |
note: while trying to match keyword `const`
 --> $WORKSPACE/crates/objc2/src/macros/declare_class.rs
  |
  |             const NAME: &'static str = $name_const:expr;
  |             ^^^^^

error: unexpected end of macro invocation
 --> ui/declare_class_invalid_syntax.rs
  |
  |     }
  |      ^ missing tokens in macro arguments
  |
note: while trying to match keyword `impl`
 --> $WORKSPACE/crates/objc2/src/macros/declare_class.rs
  |
  |         impl DeclaredClass for $for_declared:ty {
  |         ^^^^

error[E0599]: no function or associated item named `test_pattern` found for struct `InvalidMethodDeclarations` in the current scope
 --> ui/declare_class_invalid_syntax.rs
  |
  | / declare_class!(
  | |     struct InvalidMethodDeclarations;
  | |
  | |     unsafe impl ClassType for InvalidMethodDeclarations {
... |
  | |         fn test_pattern((a, b): (u32, i32)) {
  | |            ^^^^^^^^^^^^ function or associated item not found in `InvalidMethodDeclarations`
... |
  | |     }
  | | );
  | |_- function or associated item `test_pattern` not found for this struct

error[E0599]: no function or associated item named `test_self` found for struct `InvalidMethodDeclarations` in the current scope
 --> ui/declare_class_invalid_syntax.rs
  |
  | / declare_class!(
  | |     struct InvalidMethodDeclarations;
  | |
  | |     unsafe impl ClassType for InvalidMethodDeclarations {
... |
  | |         fn test_self(self) {
  | |            ^^^^^^^^^ function or associated item not found in `InvalidMethodDeclarations`
... |
  | |     }
  | | );
  | |_- function or associated item `test_self` not found for this struct

error[E0277]: the trait bound `RetainSemantics<2>: MessageReceiveRetained<&AnyClass, Retained<InvalidMethodDeclarations>>` is not satisfied
 --> ui/declare_class_invalid_syntax.rs
  |
  | / declare_class!(
  | |     struct InvalidMethodDeclarations;
  | |
  | |     unsafe impl ClassType for InvalidMethodDeclarations {
... |
  | |     }
  | | );
  | |_^ the trait `MessageReceiveRetained<&AnyClass, Retained<InvalidMethodDeclarations>>` is not implemented for `RetainSemantics<2>`
  |
  = help: the following other types implement trait `MessageReceiveRetained<Receiver, Ret>`:
            `RetainSemantics<1>` implements `MessageReceiveRetained<Receiver, Ret>`
            `RetainSemantics<3>` implements `MessageReceiveRetained<Allocated<T>, Ret>`
            `RetainSemantics<4>` implements `MessageReceiveRetained<Receiver, Ret>`
            `RetainSemantics<5>` implements `MessageReceiveRetained<Receiver, Ret>`
            `RetainSemantics<6>` implements `MessageReceiveRetained<Receiver, Ret>`
  = note: this error originates in the macro `$crate::__declare_class_method_out_inner` which comes from the expansion of the macro `declare_class` (in Nightly builds, run with -Z macro-backtrace for more info)
